[ 2016-05-02T00:03:41+08:00 ] 127.0.0.1 /OpenBlog/index.php/Home/User/index/username/zhazh.html
INFO: [ app_init ] --START--
INFO: Run Behavior\BuildLiteBehavior [ RunTime:0.000000s ]
INFO: [ app_init ] --END-- [ RunTime:0.001000s ]
INFO: [ app_begin ] --START--
INFO: Run Behavior\ReadHtmlCacheBehavior [ RunTime:0.001000s ]
INFO: [ app_begin ] --END-- [ RunTime:0.002000s ]
SQL: SHOW COLUMNS FROM `ob_user` [ RunTime:0.0060s ]
SQL: SELECT * FROM `ob_user` WHERE ( name='zhazh' ) LIMIT 1   [ RunTime:0.0010s ]
SQL: SHOW COLUMNS FROM `ob_tweet` [ RunTime:0.0060s ]
SQL: SELECT COUNT(*) AS tp_count FROM `ob_tweet` WHERE ( user_id=6 ) LIMIT 1   [ RunTime:0.0010s ]
NOTIC: [8] Use of undefined constant Sshow - assumed 'Sshow' D:\Source\Web\PHP\OpenBlog\Application\Home\Controller\UserController.class.php 第 47 行.
SQL: SELECT * FROM `ob_tweet` WHERE ( user_id=6 ) ORDER BY create_date desc LIMIT 0,15   [ RunTime:0.0010s ]
SQL: SHOW COLUMNS FROM `ob_follow` [ RunTime:0.0060s ]
SQL: SELECT `follow_user_id`,`follow_date` FROM `ob_follow` WHERE ( user_id=6 )  [ RunTime:0.0490s ]
SQL: SELECT `user_id`,`follow_date` FROM `ob_follow` WHERE ( follow_user_id=6 )  [ RunTime:0.0010s ]
NOTIC: [2] count() expects at least 1 parameter, 0 given D:\Source\Web\PHP\OpenBlog\Application\Home\Controller\UserController.class.php 第 52 行.
INFO: [ view_parse ] --START--
INFO: [ template_filter ] --START--
INFO: Run Behavior\ContentReplaceBehavior [ RunTime:0.001000s ]
INFO: [ template_filter ] --END-- [ RunTime:0.001000s ]
INFO: Run Behavior\ParseTemplateBehavior [ RunTime:0.050003s ]
INFO: [ view_parse ] --END-- [ RunTime:0.051003s ]
INFO: [ view_filter ] --START--
INFO: Run Behavior\WriteHtmlCacheBehavior [ RunTime:0.001000s ]
INFO: [ view_filter ] --END-- [ RunTime:0.001000s ]
INFO: [ app_end ] --START--
INFO: Run Behavior\ShowPageTraceBehavior [ RunTime:0.002000s ]
INFO: [ app_end ] --END-- [ RunTime:0.002000s ]

[ 2016-05-02T00:03:43+08:00 ] 127.0.0.1 /OpenBlog/index.php/Home/User/index/username/zhazh.html
INFO: [ app_init ] --START--
INFO: Run Behavior\BuildLiteBehavior [ RunTime:0.001000s ]
INFO: [ app_init ] --END-- [ RunTime:0.001000s ]
INFO: [ app_begin ] --START--
INFO: Run Behavior\ReadHtmlCacheBehavior [ RunTime:0.001000s ]
INFO: [ app_begin ] --END-- [ RunTime:0.001000s ]
SQL: SHOW COLUMNS FROM `ob_user` [ RunTime:0.0050s ]
SQL: SELECT * FROM `ob_user` WHERE ( name='zhazh' ) LIMIT 1   [ RunTime:0.0000s ]
SQL: SHOW COLUMNS FROM `ob_tweet` [ RunTime:0.0050s ]
SQL: SELECT COUNT(*) AS tp_count FROM `ob_tweet` WHERE ( user_id=6 ) LIMIT 1   [ RunTime:0.0010s ]
NOTIC: [8] Use of undefined constant Sshow - assumed 'Sshow' D:\Source\Web\PHP\OpenBlog\Application\Home\Controller\UserController.class.php 第 47 行.
SQL: SELECT * FROM `ob_tweet` WHERE ( user_id=6 ) ORDER BY create_date desc LIMIT 0,15   [ RunTime:0.0000s ]
SQL: SHOW COLUMNS FROM `ob_follow` [ RunTime:0.0060s ]
SQL: SELECT `follow_user_id`,`follow_date` FROM `ob_follow` WHERE ( user_id=6 )  [ RunTime:0.0010s ]
SQL: SELECT `user_id`,`follow_date` FROM `ob_follow` WHERE ( follow_user_id=6 )  [ RunTime:0.0010s ]
NOTIC: [2] count() expects at least 1 parameter, 0 given D:\Source\Web\PHP\OpenBlog\Application\Home\Controller\UserController.class.php 第 52 行.
INFO: [ view_parse ] --START--
INFO: [ template_filter ] --START--
INFO: Run Behavior\ContentReplaceBehavior [ RunTime:0.000000s ]
INFO: [ template_filter ] --END-- [ RunTime:0.001000s ]
INFO: Run Behavior\ParseTemplateBehavior [ RunTime:0.034002s ]
INFO: [ view_parse ] --END-- [ RunTime:0.034002s ]
INFO: [ view_filter ] --START--
INFO: Run Behavior\WriteHtmlCacheBehavior [ RunTime:0.001000s ]
INFO: [ view_filter ] --END-- [ RunTime:0.001000s ]
INFO: [ app_end ] --START--
INFO: Run Behavior\ShowPageTraceBehavior [ RunTime:0.002000s ]
INFO: [ app_end ] --END-- [ RunTime:0.002000s ]

[ 2016-05-02T00:03:56+08:00 ] 127.0.0.1 /OpenBlog/index.php/Home/User/index/username/zhazh.html
INFO: [ app_init ] --START--
INFO: Run Behavior\BuildLiteBehavior [ RunTime:0.000000s ]
INFO: [ app_init ] --END-- [ RunTime:0.001000s ]
INFO: [ app_begin ] --START--
INFO: Run Behavior\ReadHtmlCacheBehavior [ RunTime:0.002000s ]
INFO: [ app_begin ] --END-- [ RunTime:0.002000s ]
SQL: SHOW COLUMNS FROM `ob_user` [ RunTime:0.0070s ]
SQL: SELECT * FROM `ob_user` WHERE ( name='zhazh' ) LIMIT 1   [ RunTime:0.0010s ]
SQL: SHOW COLUMNS FROM `ob_tweet` [ RunTime:0.0090s ]
SQL: SELECT COUNT(*) AS tp_count FROM `ob_tweet` WHERE ( user_id=6 ) LIMIT 1   [ RunTime:0.0010s ]
NOTIC: [8] Use of undefined constant Sshow - assumed 'Sshow' D:\Source\Web\PHP\OpenBlog\Application\Home\Controller\UserController.class.php 第 47 行.
SQL: SELECT * FROM `ob_tweet` WHERE ( user_id=6 ) ORDER BY create_date desc LIMIT 0,15   [ RunTime:0.0010s ]
SQL: SHOW COLUMNS FROM `ob_follow` [ RunTime:0.0060s ]
SQL: SELECT `follow_user_id`,`follow_date` FROM `ob_follow` WHERE ( user_id=6 )  [ RunTime:0.0000s ]
SQL: SELECT `user_id`,`follow_date` FROM `ob_follow` WHERE ( follow_user_id=6 )  [ RunTime:0.0010s ]

[ 2016-05-02T00:04:05+08:00 ] 127.0.0.1 /OpenBlog/index.php/Home/User/index/username/zhazh.html
INFO: [ app_init ] --START--
INFO: Run Behavior\BuildLiteBehavior [ RunTime:0.000000s ]
INFO: [ app_init ] --END-- [ RunTime:0.001000s ]
INFO: [ app_begin ] --START--
INFO: Run Behavior\ReadHtmlCacheBehavior [ RunTime:0.001000s ]
INFO: [ app_begin ] --END-- [ RunTime:0.001000s ]
SQL: SHOW COLUMNS FROM `ob_user` [ RunTime:0.0060s ]
SQL: SELECT * FROM `ob_user` WHERE ( name='zhazh' ) LIMIT 1   [ RunTime:0.0010s ]
SQL: SHOW COLUMNS FROM `ob_tweet` [ RunTime:0.0060s ]
SQL: SELECT COUNT(*) AS tp_count FROM `ob_tweet` WHERE ( user_id=6 ) LIMIT 1   [ RunTime:0.0000s ]
NOTIC: [8] Use of undefined constant Sshow - assumed 'Sshow' D:\Source\Web\PHP\OpenBlog\Application\Home\Controller\UserController.class.php 第 47 行.
SQL: SELECT * FROM `ob_tweet` WHERE ( user_id=6 ) ORDER BY create_date desc LIMIT 0,15   [ RunTime:0.0010s ]
SQL: SHOW COLUMNS FROM `ob_follow` [ RunTime:0.0050s ]
SQL: SELECT `follow_user_id`,`follow_date` FROM `ob_follow` WHERE ( user_id=6 )  [ RunTime:0.0010s ]
SQL: SELECT `user_id`,`follow_date` FROM `ob_follow` WHERE ( follow_user_id=6 )  [ RunTime:0.0000s ]
NOTIC: [2] count() expects at least 1 parameter, 0 given D:\Source\Web\PHP\OpenBlog\Application\Home\Controller\UserController.class.php 第 52 行.
INFO: [ view_parse ] --START--
INFO: [ template_filter ] --START--
INFO: Run Behavior\ContentReplaceBehavior [ RunTime:0.000000s ]
INFO: [ template_filter ] --END-- [ RunTime:0.001000s ]
INFO: Run Behavior\ParseTemplateBehavior [ RunTime:0.033001s ]
INFO: [ view_parse ] --END-- [ RunTime:0.033001s ]
INFO: [ view_filter ] --START--
INFO: Run Behavior\WriteHtmlCacheBehavior [ RunTime:0.000000s ]
INFO: [ view_filter ] --END-- [ RunTime:0.001001s ]
INFO: [ app_end ] --START--
INFO: Run Behavior\ShowPageTraceBehavior [ RunTime:0.005000s ]
INFO: [ app_end ] --END-- [ RunTime:0.006000s ]

[ 2016-05-02T00:05:04+08:00 ] 127.0.0.1 /OpenBlog/index.php/Home/User/index/username/zhazh.html
INFO: [ app_init ] --START--
INFO: Run Behavior\BuildLiteBehavior [ RunTime:0.000000s ]
INFO: [ app_init ] --END-- [ RunTime:0.001000s ]
INFO: [ app_begin ] --START--
INFO: Run Behavior\ReadHtmlCacheBehavior [ RunTime:0.001000s ]
INFO: [ app_begin ] --END-- [ RunTime:0.001000s ]
SQL: SHOW COLUMNS FROM `ob_user` [ RunTime:0.0060s ]
SQL: SELECT * FROM `ob_user` WHERE ( name='zhazh' ) LIMIT 1   [ RunTime:0.0010s ]
SQL: SHOW COLUMNS FROM `ob_tweet` [ RunTime:0.0050s ]
SQL: SELECT COUNT(*) AS tp_count FROM `ob_tweet` WHERE ( user_id=6 ) LIMIT 1   [ RunTime:0.0010s ]
NOTIC: [8] Use of undefined constant Sshow - assumed 'Sshow' D:\Source\Web\PHP\OpenBlog\Application\Home\Controller\UserController.class.php 第 47 行.
SQL: SELECT * FROM `ob_tweet` WHERE ( user_id=6 ) ORDER BY create_date desc LIMIT 0,15   [ RunTime:0.0010s ]
SQL: SHOW COLUMNS FROM `ob_follow` [ RunTime:0.0050s ]
SQL: SELECT `follow_user_id`,`follow_date` FROM `ob_follow` WHERE ( user_id=6 )  [ RunTime:0.0010s ]
SQL: SELECT `user_id`,`follow_date` FROM `ob_follow` WHERE ( follow_user_id=6 )  [ RunTime:0.0010s ]
INFO: [ view_parse ] --START--
INFO: [ template_filter ] --START--
INFO: Run Behavior\ContentReplaceBehavior [ RunTime:0.001000s ]
INFO: [ template_filter ] --END-- [ RunTime:0.001000s ]
INFO: Run Behavior\ParseTemplateBehavior [ RunTime:0.032001s ]
INFO: [ view_parse ] --END-- [ RunTime:0.032001s ]
INFO: [ view_filter ] --START--
INFO: Run Behavior\WriteHtmlCacheBehavior [ RunTime:0.000000s ]
INFO: [ view_filter ] --END-- [ RunTime:0.002001s ]
INFO: [ app_end ] --START--
INFO: Run Behavior\ShowPageTraceBehavior [ RunTime:0.002000s ]
INFO: [ app_end ] --END-- [ RunTime:0.002000s ]

[ 2016-05-02T00:05:04+08:00 ] 127.0.0.1 /OpenBlog/index.php/Home/User/index/username/zhazh.html
INFO: [ app_init ] --START--
INFO: Run Behavior\BuildLiteBehavior [ RunTime:0.000000s ]
INFO: [ app_init ] --END-- [ RunTime:0.001000s ]
INFO: [ app_begin ] --START--
INFO: Run Behavior\ReadHtmlCacheBehavior [ RunTime:0.001000s ]
INFO: [ app_begin ] --END-- [ RunTime:0.002000s ]
SQL: SHOW COLUMNS FROM `ob_user` [ RunTime:0.0050s ]
SQL: SELECT * FROM `ob_user` WHERE ( name='zhazh' ) LIMIT 1   [ RunTime:0.0010s ]
SQL: SHOW COLUMNS FROM `ob_tweet` [ RunTime:0.0060s ]
SQL: SELECT COUNT(*) AS tp_count FROM `ob_tweet` WHERE ( user_id=6 ) LIMIT 1   [ RunTime:0.0000s ]
NOTIC: [8] Use of undefined constant Sshow - assumed 'Sshow' D:\Source\Web\PHP\OpenBlog\Application\Home\Controller\UserController.class.php 第 47 行.
SQL: SELECT * FROM `ob_tweet` WHERE ( user_id=6 ) ORDER BY create_date desc LIMIT 0,15   [ RunTime:0.0010s ]
SQL: SHOW COLUMNS FROM `ob_follow` [ RunTime:0.0050s ]
SQL: SELECT `follow_user_id`,`follow_date` FROM `ob_follow` WHERE ( user_id=6 )  [ RunTime:0.0000s ]
SQL: SELECT `user_id`,`follow_date` FROM `ob_follow` WHERE ( follow_user_id=6 )  [ RunTime:0.0000s ]
INFO: [ view_parse ] --START--
INFO: [ template_filter ] --START--
INFO: Run Behavior\ContentReplaceBehavior [ RunTime:0.001000s ]
INFO: [ template_filter ] --END-- [ RunTime:0.001000s ]
INFO: Run Behavior\ParseTemplateBehavior [ RunTime:0.033002s ]
INFO: [ view_parse ] --END-- [ RunTime:0.033002s ]
INFO: [ view_filter ] --START--
INFO: Run Behavior\WriteHtmlCacheBehavior [ RunTime:0.001000s ]
INFO: [ view_filter ] --END-- [ RunTime:0.001000s ]
INFO: [ app_end ] --START--
INFO: Run Behavior\ShowPageTraceBehavior [ RunTime:0.002000s ]
INFO: [ app_end ] --END-- [ RunTime:0.005000s ]

[ 2016-05-02T00:11:09+08:00 ] 127.0.0.1 /OpenBlog/index.php/Home/User/index/username/zhazh.html
INFO: [ app_init ] --START--
INFO: Run Behavior\BuildLiteBehavior [ RunTime:0.000000s ]
INFO: [ app_init ] --END-- [ RunTime:0.001000s ]
INFO: [ app_begin ] --START--
INFO: Run Behavior\ReadHtmlCacheBehavior [ RunTime:0.002000s ]
INFO: [ app_begin ] --END-- [ RunTime:0.002000s ]
SQL: SHOW COLUMNS FROM `ob_user` [ RunTime:0.0060s ]
SQL: SELECT * FROM `ob_user` WHERE ( name='zhazh' ) LIMIT 1   [ RunTime:0.0000s ]
SQL: SHOW COLUMNS FROM `ob_tweet` [ RunTime:0.0060s ]
SQL: SELECT COUNT(*) AS tp_count FROM `ob_tweet` WHERE ( user_id=6 ) LIMIT 1   [ RunTime:0.0000s ]
NOTIC: [8] Use of undefined constant Sshow - assumed 'Sshow' D:\Source\Web\PHP\OpenBlog\Application\Home\Controller\UserController.class.php 第 47 行.
SQL: SELECT * FROM `ob_tweet` WHERE ( user_id=6 ) ORDER BY create_date desc LIMIT 0,15   [ RunTime:0.0010s ]
SQL: SHOW COLUMNS FROM `ob_follow` [ RunTime:0.0060s ]
SQL: SELECT `follow_user_id`,`follow_date` FROM `ob_follow` WHERE ( user_id=6 )  [ RunTime:0.0000s ]
SQL: SELECT `user_id`,`follow_date` FROM `ob_follow` WHERE ( follow_user_id=6 )  [ RunTime:0.0000s ]
INFO: [ view_parse ] --START--
INFO: [ template_filter ] --START--
INFO: Run Behavior\ContentReplaceBehavior [ RunTime:0.000000s ]
INFO: [ template_filter ] --END-- [ RunTime:0.001000s ]
INFO: Run Behavior\ParseTemplateBehavior [ RunTime:0.034002s ]
INFO: [ view_parse ] --END-- [ RunTime:0.036002s ]
INFO: [ view_filter ] --START--
INFO: Run Behavior\WriteHtmlCacheBehavior [ RunTime:0.001000s ]
INFO: [ view_filter ] --END-- [ RunTime:0.001000s ]
INFO: [ app_end ] --START--
INFO: Run Behavior\ShowPageTraceBehavior [ RunTime:0.006000s ]
INFO: [ app_end ] --END-- [ RunTime:0.006000s ]

[ 2016-05-02T00:25:26+08:00 ] 127.0.0.1 /OpenBlog/index.php/Home/User/index/username/zhazh.html
INFO: [ app_init ] --START--
INFO: Run Behavior\BuildLiteBehavior [ RunTime:0.000000s ]
INFO: [ app_init ] --END-- [ RunTime:0.001001s ]
INFO: [ app_begin ] --START--
INFO: Run Behavior\ReadHtmlCacheBehavior [ RunTime:0.001000s ]
INFO: [ app_begin ] --END-- [ RunTime:0.001000s ]
SQL: SHOW COLUMNS FROM `ob_user` [ RunTime:0.0060s ]
SQL: SELECT * FROM `ob_user` WHERE ( name='zhazh' ) LIMIT 1   [ RunTime:0.0010s ]
SQL: SHOW COLUMNS FROM `ob_tweet` [ RunTime:0.0050s ]
SQL: SELECT COUNT(*) AS tp_count FROM `ob_tweet` WHERE ( user_id=6 ) LIMIT 1   [ RunTime:0.0000s ]
NOTIC: [8] Use of undefined constant Sshow - assumed 'Sshow' D:\Source\Web\PHP\OpenBlog\Application\Home\Controller\UserController.class.php 第 47 行.
SQL: SELECT * FROM `ob_tweet` WHERE ( user_id=6 ) ORDER BY create_date desc LIMIT 0,15   [ RunTime:0.0010s ]
SQL: SHOW COLUMNS FROM `ob_follow` [ RunTime:0.0060s ]
SQL: SELECT `follow_user_id`,`follow_date` FROM `ob_follow` WHERE ( user_id=6 )  [ RunTime:0.0000s ]
SQL: SELECT `user_id`,`follow_date` FROM `ob_follow` WHERE ( follow_user_id=6 )  [ RunTime:0.0000s ]
INFO: [ view_parse ] --START--
INFO: [ template_filter ] --START--
INFO: Run Behavior\ContentReplaceBehavior [ RunTime:0.000000s ]
INFO: [ template_filter ] --END-- [ RunTime:0.000000s ]
INFO: Run Behavior\ParseTemplateBehavior [ RunTime:0.036002s ]
INFO: [ view_parse ] --END-- [ RunTime:0.037002s ]
INFO: [ view_filter ] --START--
INFO: Run Behavior\WriteHtmlCacheBehavior [ RunTime:0.001000s ]
INFO: [ view_filter ] --END-- [ RunTime:0.001000s ]
INFO: [ app_end ] --START--
INFO: Run Behavior\ShowPageTraceBehavior [ RunTime:0.002000s ]
INFO: [ app_end ] --END-- [ RunTime:0.005000s ]

[ 2016-05-02T00:25:28+08:00 ] 127.0.0.1 /OpenBlog/index.php/Home/User/index/username/zhazh.html
INFO: [ app_init ] --START--
INFO: Run Behavior\BuildLiteBehavior [ RunTime:0.000000s ]
INFO: [ app_init ] --END-- [ RunTime:0.000000s ]
INFO: [ app_begin ] --START--
INFO: Run Behavior\ReadHtmlCacheBehavior [ RunTime:0.001000s ]
INFO: [ app_begin ] --END-- [ RunTime:0.001000s ]
SQL: SHOW COLUMNS FROM `ob_user` [ RunTime:0.0050s ]
SQL: SELECT * FROM `ob_user` WHERE ( name='zhazh' ) LIMIT 1   [ RunTime:0.0000s ]
SQL: SHOW COLUMNS FROM `ob_tweet` [ RunTime:0.0050s ]
SQL: SELECT COUNT(*) AS tp_count FROM `ob_tweet` WHERE ( user_id=6 ) LIMIT 1   [ RunTime:0.0010s ]
NOTIC: [8] Use of undefined constant Sshow - assumed 'Sshow' D:\Source\Web\PHP\OpenBlog\Application\Home\Controller\UserController.class.php 第 47 行.
SQL: SELECT * FROM `ob_tweet` WHERE ( user_id=6 ) ORDER BY create_date desc LIMIT 0,15   [ RunTime:0.0000s ]
SQL: SHOW COLUMNS FROM `ob_follow` [ RunTime:0.0050s ]
SQL: SELECT `follow_user_id`,`follow_date` FROM `ob_follow` WHERE ( user_id=6 )  [ RunTime:0.0010s ]
SQL: SELECT `user_id`,`follow_date` FROM `ob_follow` WHERE ( follow_user_id=6 )  [ RunTime:0.0000s ]
INFO: [ view_parse ] --START--
INFO: [ template_filter ] --START--
INFO: Run Behavior\ContentReplaceBehavior [ RunTime:0.000000s ]
INFO: [ template_filter ] --END-- [ RunTime:0.001000s ]
INFO: Run Behavior\ParseTemplateBehavior [ RunTime:0.037002s ]
INFO: [ view_parse ] --END-- [ RunTime:0.037002s ]
INFO: [ view_filter ] --START--
INFO: Run Behavior\WriteHtmlCacheBehavior [ RunTime:0.001000s ]
INFO: [ view_filter ] --END-- [ RunTime:0.001000s ]
INFO: [ app_end ] --START--
INFO: Run Behavior\ShowPageTraceBehavior [ RunTime:0.005000s ]
INFO: [ app_end ] --END-- [ RunTime:0.005000s ]

[ 2016-05-02T00:26:22+08:00 ] 127.0.0.1 /OpenBlog/index.php/Home/User/index/username/zhazh.html
INFO: [ app_init ] --START--
INFO: Run Behavior\BuildLiteBehavior [ RunTime:0.000000s ]
INFO: [ app_init ] --END-- [ RunTime:0.001000s ]
INFO: [ app_begin ] --START--
INFO: Run Behavior\ReadHtmlCacheBehavior [ RunTime:0.001000s ]
INFO: [ app_begin ] --END-- [ RunTime:0.001000s ]
SQL: SHOW COLUMNS FROM `ob_user` [ RunTime:0.0060s ]
SQL: SELECT * FROM `ob_user` WHERE ( name='zhazh' ) LIMIT 1   [ RunTime:0.0010s ]
SQL: SHOW COLUMNS FROM `ob_tweet` [ RunTime:0.0060s ]
SQL: SELECT COUNT(*) AS tp_count FROM `ob_tweet` WHERE ( user_id=6 ) LIMIT 1   [ RunTime:0.0000s ]
NOTIC: [8] Use of undefined constant Sshow - assumed 'Sshow' D:\Source\Web\PHP\OpenBlog\Application\Home\Controller\UserController.class.php 第 47 行.
SQL: SELECT * FROM `ob_tweet` WHERE ( user_id=6 ) ORDER BY create_date desc LIMIT 0,15   [ RunTime:0.0010s ]
SQL: SHOW COLUMNS FROM `ob_follow` [ RunTime:0.0050s ]
SQL: SELECT `follow_user_id`,`follow_date` FROM `ob_follow` WHERE ( user_id=6 )  [ RunTime:0.0010s ]
SQL: SELECT `user_id`,`follow_date` FROM `ob_follow` WHERE ( follow_user_id=6 )  [ RunTime:0.0000s ]
INFO: [ view_parse ] --START--
INFO: [ template_filter ] --START--
INFO: Run Behavior\ContentReplaceBehavior [ RunTime:0.000000s ]
INFO: [ template_filter ] --END-- [ RunTime:0.001001s ]
INFO: Run Behavior\ParseTemplateBehavior [ RunTime:0.035002s ]
INFO: [ view_parse ] --END-- [ RunTime:0.035002s ]
INFO: [ view_filter ] --START--
INFO: Run Behavior\WriteHtmlCacheBehavior [ RunTime:0.002000s ]
INFO: [ view_filter ] --END-- [ RunTime:0.002000s ]
INFO: [ app_end ] --START--
INFO: Run Behavior\ShowPageTraceBehavior [ RunTime:0.003001s ]
INFO: [ app_end ] --END-- [ RunTime:0.004001s ]

[ 2016-05-02T00:31:53+08:00 ] 127.0.0.1 /OpenBlog/index.php/Home/User/index/username/zhazh.html
INFO: [ app_init ] --START--
INFO: Run Behavior\BuildLiteBehavior [ RunTime:0.000000s ]
INFO: [ app_init ] --END-- [ RunTime:0.001000s ]
INFO: [ app_begin ] --START--
INFO: Run Behavior\ReadHtmlCacheBehavior [ RunTime:0.001000s ]
INFO: [ app_begin ] --END-- [ RunTime:0.001000s ]
SQL: SHOW COLUMNS FROM `ob_user` [ RunTime:0.0060s ]
SQL: SELECT * FROM `ob_user` WHERE ( name='zhazh' ) LIMIT 1   [ RunTime:0.0010s ]
SQL: SHOW COLUMNS FROM `ob_tweet` [ RunTime:0.0050s ]
SQL: SELECT COUNT(*) AS tp_count FROM `ob_tweet` WHERE ( user_id=6 ) LIMIT 1   [ RunTime:0.0010s ]
NOTIC: [8] Use of undefined constant Sshow - assumed 'Sshow' D:\Source\Web\PHP\OpenBlog\Application\Home\Controller\UserController.class.php 第 47 行.
SQL: SELECT * FROM `ob_tweet` WHERE ( user_id=6 ) ORDER BY create_date desc LIMIT 0,15   [ RunTime:0.0010s ]
SQL: SHOW COLUMNS FROM `ob_follow` [ RunTime:0.0050s ]
SQL: SELECT `follow_user_id`,`follow_date` FROM `ob_follow` WHERE ( user_id=6 )  [ RunTime:0.0000s ]
SQL: SELECT `user_id`,`follow_date` FROM `ob_follow` WHERE ( follow_user_id=6 )  [ RunTime:0.0000s ]
INFO: [ view_parse ] --START--
INFO: [ template_filter ] --START--
INFO: Run Behavior\ContentReplaceBehavior [ RunTime:0.000000s ]
INFO: [ template_filter ] --END-- [ RunTime:0.000000s ]
INFO: Run Behavior\ParseTemplateBehavior [ RunTime:0.035002s ]
INFO: [ view_parse ] --END-- [ RunTime:0.036002s ]
INFO: [ view_filter ] --START--
INFO: Run Behavior\WriteHtmlCacheBehavior [ RunTime:0.001000s ]
INFO: [ view_filter ] --END-- [ RunTime:0.001000s ]
INFO: [ app_end ] --START--
INFO: Run Behavior\ShowPageTraceBehavior [ RunTime:0.002000s ]
INFO: [ app_end ] --END-- [ RunTime:0.002000s ]

[ 2016-05-02T00:31:54+08:00 ] 127.0.0.1 /OpenBlog/index.php/Home/User/index/username/zhazh.html
INFO: [ app_init ] --START--
INFO: Run Behavior\BuildLiteBehavior [ RunTime:0.000000s ]
INFO: [ app_init ] --END-- [ RunTime:0.001000s ]
INFO: [ app_begin ] --START--
INFO: Run Behavior\ReadHtmlCacheBehavior [ RunTime:0.001000s ]
INFO: [ app_begin ] --END-- [ RunTime:0.001000s ]
SQL: SHOW COLUMNS FROM `ob_user` [ RunTime:0.0050s ]
SQL: SELECT * FROM `ob_user` WHERE ( name='zhazh' ) LIMIT 1   [ RunTime:0.0010s ]
SQL: SHOW COLUMNS FROM `ob_tweet` [ RunTime:0.0060s ]
SQL: SELECT COUNT(*) AS tp_count FROM `ob_tweet` WHERE ( user_id=6 ) LIMIT 1   [ RunTime:0.0010s ]
NOTIC: [8] Use of undefined constant Sshow - assumed 'Sshow' D:\Source\Web\PHP\OpenBlog\Application\Home\Controller\UserController.class.php 第 47 行.
SQL: SELECT * FROM `ob_tweet` WHERE ( user_id=6 ) ORDER BY create_date desc LIMIT 0,15   [ RunTime:0.0010s ]
SQL: SHOW COLUMNS FROM `ob_follow` [ RunTime:0.0050s ]
SQL: SELECT `follow_user_id`,`follow_date` FROM `ob_follow` WHERE ( user_id=6 )  [ RunTime:0.0000s ]
SQL: SELECT `user_id`,`follow_date` FROM `ob_follow` WHERE ( follow_user_id=6 )  [ RunTime:0.0000s ]
INFO: [ view_parse ] --START--
INFO: [ template_filter ] --START--
INFO: Run Behavior\ContentReplaceBehavior [ RunTime:0.000000s ]
INFO: [ template_filter ] --END-- [ RunTime:0.000000s ]
INFO: Run Behavior\ParseTemplateBehavior [ RunTime:0.035002s ]
INFO: [ view_parse ] --END-- [ RunTime:0.035002s ]
INFO: [ view_filter ] --START--
INFO: Run Behavior\WriteHtmlCacheBehavior [ RunTime:0.001000s ]
INFO: [ view_filter ] --END-- [ RunTime:0.001000s ]
INFO: [ app_end ] --START--
INFO: Run Behavior\ShowPageTraceBehavior [ RunTime:0.001000s ]
INFO: [ app_end ] --END-- [ RunTime:0.002000s ]

[ 2016-05-02T00:32:02+08:00 ] 127.0.0.1 /OpenBlog/index.php/Home/User/index/username/aaa.html
INFO: [ app_init ] --START--
INFO: Run Behavior\BuildLiteBehavior [ RunTime:0.001000s ]
INFO: [ app_init ] --END-- [ RunTime:0.001000s ]
INFO: [ app_begin ] --START--
INFO: Run Behavior\ReadHtmlCacheBehavior [ RunTime:0.001000s ]
INFO: [ app_begin ] --END-- [ RunTime:0.002000s ]
SQL: SHOW COLUMNS FROM `ob_user` [ RunTime:0.0050s ]
SQL: SELECT * FROM `ob_user` WHERE ( name='aaa' ) LIMIT 1   [ RunTime:0.0010s ]
SQL: SHOW COLUMNS FROM `ob_tweet` [ RunTime:0.0050s ]
SQL: SELECT COUNT(*) AS tp_count FROM `ob_tweet` WHERE ( user_id=1 ) LIMIT 1   [ RunTime:0.0000s ]
NOTIC: [8] Use of undefined constant Sshow - assumed 'Sshow' D:\Source\Web\PHP\OpenBlog\Application\Home\Controller\UserController.class.php 第 47 行.
SQL: SELECT * FROM `ob_tweet` WHERE ( user_id=1 ) ORDER BY create_date desc LIMIT 0,15   [ RunTime:0.0000s ]
SQL: SHOW COLUMNS FROM `ob_follow` [ RunTime:0.0050s ]
SQL: SELECT `follow_user_id`,`follow_date` FROM `ob_follow` WHERE ( user_id=1 )  [ RunTime:0.0000s ]
SQL: SELECT `user_id`,`follow_date` FROM `ob_follow` WHERE ( follow_user_id=1 )  [ RunTime:0.0010s ]
SQL: SELECT `follow_user_id`,`follow_date` FROM `ob_follow` WHERE ( user_id=6 )  [ RunTime:0.0000s ]
NOTIC: [2] in_array() expects parameter 2 to be array, null given D:\Source\Web\PHP\OpenBlog\Application\Home\Controller\UserController.class.php 第 69 行.
INFO: [ view_parse ] --START--
INFO: [ template_filter ] --START--
INFO: Run Behavior\ContentReplaceBehavior [ RunTime:0.000000s ]
INFO: [ template_filter ] --END-- [ RunTime:0.000000s ]
INFO: Run Behavior\ParseTemplateBehavior [ RunTime:0.032002s ]
INFO: [ view_parse ] --END-- [ RunTime:0.033002s ]
INFO: [ view_filter ] --START--
INFO: Run Behavior\WriteHtmlCacheBehavior [ RunTime:0.002000s ]
INFO: [ view_filter ] --END-- [ RunTime:0.002000s ]
INFO: [ app_end ] --START--
INFO: Run Behavior\ShowPageTraceBehavior [ RunTime:0.002000s ]
INFO: [ app_end ] --END-- [ RunTime:0.002000s ]

[ 2016-05-02T00:32:05+08:00 ] 127.0.0.1 /OpenBlog/index.php/Home/User/index/username/aaa.html
INFO: [ app_init ] --START--
INFO: Run Behavior\BuildLiteBehavior [ RunTime:0.000000s ]
INFO: [ app_init ] --END-- [ RunTime:0.001000s ]
INFO: [ app_begin ] --START--
INFO: Run Behavior\ReadHtmlCacheBehavior [ RunTime:0.002000s ]
INFO: [ app_begin ] --END-- [ RunTime:0.002000s ]
SQL: SHOW COLUMNS FROM `ob_user` [ RunTime:0.0060s ]
SQL: SELECT * FROM `ob_user` WHERE ( name='aaa' ) LIMIT 1   [ RunTime:0.0000s ]
SQL: SHOW COLUMNS FROM `ob_tweet` [ RunTime:0.0060s ]
SQL: SELECT COUNT(*) AS tp_count FROM `ob_tweet` WHERE ( user_id=1 ) LIMIT 1   [ RunTime:0.0010s ]
NOTIC: [8] Use of undefined constant Sshow - assumed 'Sshow' D:\Source\Web\PHP\OpenBlog\Application\Home\Controller\UserController.class.php 第 47 行.
SQL: SELECT * FROM `ob_tweet` WHERE ( user_id=1 ) ORDER BY create_date desc LIMIT 0,15   [ RunTime:0.0000s ]
SQL: SHOW COLUMNS FROM `ob_follow` [ RunTime:0.0050s ]
SQL: SELECT `follow_user_id`,`follow_date` FROM `ob_follow` WHERE ( user_id=1 )  [ RunTime:0.0000s ]
SQL: SELECT `user_id`,`follow_date` FROM `ob_follow` WHERE ( follow_user_id=1 )  [ RunTime:0.0010s ]
SQL: SELECT `follow_user_id`,`follow_date` FROM `ob_follow` WHERE ( user_id=6 )  [ RunTime:0.0000s ]
NOTIC: [2] in_array() expects parameter 2 to be array, null given D:\Source\Web\PHP\OpenBlog\Application\Home\Controller\UserController.class.php 第 69 行.
INFO: [ view_parse ] --START--
INFO: [ template_filter ] --START--
INFO: Run Behavior\ContentReplaceBehavior [ RunTime:0.000000s ]
INFO: [ template_filter ] --END-- [ RunTime:0.000000s ]
INFO: Run Behavior\ParseTemplateBehavior [ RunTime:0.033002s ]
INFO: [ view_parse ] --END-- [ RunTime:0.034002s ]
INFO: [ view_filter ] --START--
INFO: Run Behavior\WriteHtmlCacheBehavior [ RunTime:0.001000s ]
INFO: [ view_filter ] --END-- [ RunTime:0.001000s ]
INFO: [ app_end ] --START--
INFO: Run Behavior\ShowPageTraceBehavior [ RunTime:0.000000s ]
INFO: [ app_end ] --END-- [ RunTime:0.002000s ]

[ 2016-05-02T00:32:05+08:00 ] 127.0.0.1 /OpenBlog/index.php/Home/User/index/username/aaa.html
INFO: [ app_init ] --START--
INFO: Run Behavior\BuildLiteBehavior [ RunTime:0.000000s ]
INFO: [ app_init ] --END-- [ RunTime:0.001000s ]
INFO: [ app_begin ] --START--
INFO: Run Behavior\ReadHtmlCacheBehavior [ RunTime:0.001000s ]
INFO: [ app_begin ] --END-- [ RunTime:0.001000s ]
SQL: SHOW COLUMNS FROM `ob_user` [ RunTime:0.0050s ]
SQL: SELECT * FROM `ob_user` WHERE ( name='aaa' ) LIMIT 1   [ RunTime:0.0010s ]
SQL: SHOW COLUMNS FROM `ob_tweet` [ RunTime:0.0060s ]
SQL: SELECT COUNT(*) AS tp_count FROM `ob_tweet` WHERE ( user_id=1 ) LIMIT 1   [ RunTime:0.0000s ]
NOTIC: [8] Use of undefined constant Sshow - assumed 'Sshow' D:\Source\Web\PHP\OpenBlog\Application\Home\Controller\UserController.class.php 第 47 行.
SQL: SELECT * FROM `ob_tweet` WHERE ( user_id=1 ) ORDER BY create_date desc LIMIT 0,15   [ RunTime:0.0010s ]
SQL: SHOW COLUMNS FROM `ob_follow` [ RunTime:0.0050s ]
SQL: SELECT `follow_user_id`,`follow_date` FROM `ob_follow` WHERE ( user_id=1 )  [ RunTime:0.0000s ]
SQL: SELECT `user_id`,`follow_date` FROM `ob_follow` WHERE ( follow_user_id=1 )  [ RunTime:0.0000s ]
SQL: SELECT `follow_user_id`,`follow_date` FROM `ob_follow` WHERE ( user_id=6 )  [ RunTime:0.0010s ]
NOTIC: [2] in_array() expects parameter 2 to be array, null given D:\Source\Web\PHP\OpenBlog\Application\Home\Controller\UserController.class.php 第 69 行.
INFO: [ view_parse ] --START--
INFO: [ template_filter ] --START--
INFO: Run Behavior\ContentReplaceBehavior [ RunTime:0.000000s ]
INFO: [ template_filter ] --END-- [ RunTime:0.001000s ]
INFO: Run Behavior\ParseTemplateBehavior [ RunTime:0.030001s ]
INFO: [ view_parse ] --END-- [ RunTime:0.030001s ]
INFO: [ view_filter ] --START--
INFO: Run Behavior\WriteHtmlCacheBehavior [ RunTime:0.000000s ]
INFO: [ view_filter ] --END-- [ RunTime:0.001001s ]
INFO: [ app_end ] --START--
INFO: Run Behavior\ShowPageTraceBehavior [ RunTime:0.001000s ]
INFO: [ app_end ] --END-- [ RunTime:0.001000s ]

[ 2016-05-02T00:32:13+08:00 ] 127.0.0.1 /OpenBlog/index.php/Home/User/index/username/zhazh.html
INFO: [ app_init ] --START--
INFO: Run Behavior\BuildLiteBehavior [ RunTime:0.000000s ]
INFO: [ app_init ] --END-- [ RunTime:0.001000s ]
INFO: [ app_begin ] --START--
INFO: Run Behavior\ReadHtmlCacheBehavior [ RunTime:0.002000s ]
INFO: [ app_begin ] --END-- [ RunTime:0.002000s ]
SQL: SHOW COLUMNS FROM `ob_user` [ RunTime:0.0060s ]
SQL: SELECT * FROM `ob_user` WHERE ( name='zhazh' ) LIMIT 1   [ RunTime:0.0010s ]
SQL: SHOW COLUMNS FROM `ob_tweet` [ RunTime:0.0060s ]
SQL: SELECT COUNT(*) AS tp_count FROM `ob_tweet` WHERE ( user_id=6 ) LIMIT 1   [ RunTime:0.0000s ]
NOTIC: [8] Use of undefined constant Sshow - assumed 'Sshow' D:\Source\Web\PHP\OpenBlog\Application\Home\Controller\UserController.class.php 第 47 行.
SQL: SELECT * FROM `ob_tweet` WHERE ( user_id=6 ) ORDER BY create_date desc LIMIT 0,15   [ RunTime:0.0010s ]
SQL: SHOW COLUMNS FROM `ob_follow` [ RunTime:0.0050s ]
SQL: SELECT `follow_user_id`,`follow_date` FROM `ob_follow` WHERE ( user_id=6 )  [ RunTime:0.0000s ]
SQL: SELECT `user_id`,`follow_date` FROM `ob_follow` WHERE ( follow_user_id=6 )  [ RunTime:0.0000s ]
INFO: [ view_parse ] --START--
INFO: [ template_filter ] --START--
INFO: Run Behavior\ContentReplaceBehavior [ RunTime:0.000000s ]
INFO: [ template_filter ] --END-- [ RunTime:0.001000s ]
INFO: Run Behavior\ParseTemplateBehavior [ RunTime:0.036002s ]
INFO: [ view_parse ] --END-- [ RunTime:0.037002s ]
INFO: [ view_filter ] --START--
INFO: Run Behavior\WriteHtmlCacheBehavior [ RunTime:0.001000s ]
INFO: [ view_filter ] --END-- [ RunTime:0.001000s ]
INFO: [ app_end ] --START--
INFO: Run Behavior\ShowPageTraceBehavior [ RunTime:0.002000s ]
INFO: [ app_end ] --END-- [ RunTime:0.003000s ]

[ 2016-05-02T00:32:14+08:00 ] 127.0.0.1 /OpenBlog/index.php/Home/User/index/username/zhazh.html
INFO: [ app_init ] --START--
INFO: Run Behavior\BuildLiteBehavior [ RunTime:0.000000s ]
INFO: [ app_init ] --END-- [ RunTime:0.001000s ]
INFO: [ app_begin ] --START--
INFO: Run Behavior\ReadHtmlCacheBehavior [ RunTime:0.000000s ]
INFO: [ app_begin ] --END-- [ RunTime:0.002000s ]
SQL: SHOW COLUMNS FROM `ob_user` [ RunTime:0.0050s ]
SQL: SELECT * FROM `ob_user` WHERE ( name='zhazh' ) LIMIT 1   [ RunTime:0.0010s ]
SQL: SHOW COLUMNS FROM `ob_tweet` [ RunTime:0.0060s ]
SQL: SELECT COUNT(*) AS tp_count FROM `ob_tweet` WHERE ( user_id=6 ) LIMIT 1   [ RunTime:0.0000s ]
NOTIC: [8] Use of undefined constant Sshow - assumed 'Sshow' D:\Source\Web\PHP\OpenBlog\Application\Home\Controller\UserController.class.php 第 47 行.
SQL: SELECT * FROM `ob_tweet` WHERE ( user_id=6 ) ORDER BY create_date desc LIMIT 0,15   [ RunTime:0.0010s ]
SQL: SHOW COLUMNS FROM `ob_follow` [ RunTime:0.0050s ]
SQL: SELECT `follow_user_id`,`follow_date` FROM `ob_follow` WHERE ( user_id=6 )  [ RunTime:0.0000s ]
SQL: SELECT `user_id`,`follow_date` FROM `ob_follow` WHERE ( follow_user_id=6 )  [ RunTime:0.0000s ]
INFO: [ view_parse ] --START--
INFO: [ template_filter ] --START--
INFO: Run Behavior\ContentReplaceBehavior [ RunTime:0.001000s ]
INFO: [ template_filter ] --END-- [ RunTime:0.001000s ]
INFO: Run Behavior\ParseTemplateBehavior [ RunTime:0.037002s ]
INFO: [ view_parse ] --END-- [ RunTime:0.039002s ]
INFO: [ view_filter ] --START--
INFO: Run Behavior\WriteHtmlCacheBehavior [ RunTime:0.001001s ]
INFO: [ view_filter ] --END-- [ RunTime:0.001001s ]
INFO: [ app_end ] --START--
INFO: Run Behavior\ShowPageTraceBehavior [ RunTime:0.002000s ]
INFO: [ app_end ] --END-- [ RunTime:0.003000s ]

[ 2016-05-02T00:32:15+08:00 ] 127.0.0.1 /OpenBlog/index.php/Home/User/index/username/zhazh.html
INFO: [ app_init ] --START--
INFO: Run Behavior\BuildLiteBehavior [ RunTime:0.000000s ]
INFO: [ app_init ] --END-- [ RunTime:0.001000s ]
INFO: [ app_begin ] --START--
INFO: Run Behavior\ReadHtmlCacheBehavior [ RunTime:0.001000s ]
INFO: [ app_begin ] --END-- [ RunTime:0.001000s ]
SQL: SHOW COLUMNS FROM `ob_user` [ RunTime:0.0050s ]
SQL: SELECT * FROM `ob_user` WHERE ( name='zhazh' ) LIMIT 1   [ RunTime:0.0010s ]
SQL: SHOW COLUMNS FROM `ob_tweet` [ RunTime:0.0060s ]
SQL: SELECT COUNT(*) AS tp_count FROM `ob_tweet` WHERE ( user_id=6 ) LIMIT 1   [ RunTime:0.0010s ]
NOTIC: [8] Use of undefined constant Sshow - assumed 'Sshow' D:\Source\Web\PHP\OpenBlog\Application\Home\Controller\UserController.class.php 第 47 行.
SQL: SELECT * FROM `ob_tweet` WHERE ( user_id=6 ) ORDER BY create_date desc LIMIT 0,15   [ RunTime:0.0000s ]
SQL: SHOW COLUMNS FROM `ob_follow` [ RunTime:0.0050s ]
SQL: SELECT `follow_user_id`,`follow_date` FROM `ob_follow` WHERE ( user_id=6 )  [ RunTime:0.0000s ]
SQL: SELECT `user_id`,`follow_date` FROM `ob_follow` WHERE ( follow_user_id=6 )  [ RunTime:0.0000s ]
INFO: [ view_parse ] --START--
INFO: [ template_filter ] --START--
INFO: Run Behavior\ContentReplaceBehavior [ RunTime:0.000000s ]
INFO: [ template_filter ] --END-- [ RunTime:0.000000s ]
INFO: Run Behavior\ParseTemplateBehavior [ RunTime:0.035002s ]
INFO: [ view_parse ] --END-- [ RunTime:0.035002s ]
INFO: [ view_filter ] --START--
INFO: Run Behavior\WriteHtmlCacheBehavior [ RunTime:0.001000s ]
INFO: [ view_filter ] --END-- [ RunTime:0.001000s ]
INFO: [ app_end ] --START--
INFO: Run Behavior\ShowPageTraceBehavior [ RunTime:0.001000s ]
INFO: [ app_end ] --END-- [ RunTime:0.001000s ]

[ 2016-05-02T00:32:16+08:00 ] 127.0.0.1 /OpenBlog/index.php/Home/User/index/username/zhazh.html
INFO: [ app_init ] --START--
INFO: Run Behavior\BuildLiteBehavior [ RunTime:0.000000s ]
INFO: [ app_init ] --END-- [ RunTime:0.001000s ]
INFO: [ app_begin ] --START--
INFO: Run Behavior\ReadHtmlCacheBehavior [ RunTime:0.000000s ]
INFO: [ app_begin ] --END-- [ RunTime:0.002000s ]
SQL: SHOW COLUMNS FROM `ob_user` [ RunTime:0.0050s ]
SQL: SELECT * FROM `ob_user` WHERE ( name='zhazh' ) LIMIT 1   [ RunTime:0.0000s ]
SQL: SHOW COLUMNS FROM `ob_tweet` [ RunTime:0.0060s ]
SQL: SELECT COUNT(*) AS tp_count FROM `ob_tweet` WHERE ( user_id=6 ) LIMIT 1   [ RunTime:0.0000s ]
NOTIC: [8] Use of undefined constant Sshow - assumed 'Sshow' D:\Source\Web\PHP\OpenBlog\Application\Home\Controller\UserController.class.php 第 47 行.
SQL: SELECT * FROM `ob_tweet` WHERE ( user_id=6 ) ORDER BY create_date desc LIMIT 0,15   [ RunTime:0.0010s ]
SQL: SHOW COLUMNS FROM `ob_follow` [ RunTime:0.0050s ]
SQL: SELECT `follow_user_id`,`follow_date` FROM `ob_follow` WHERE ( user_id=6 )  [ RunTime:0.0000s ]
SQL: SELECT `user_id`,`follow_date` FROM `ob_follow` WHERE ( follow_user_id=6 )  [ RunTime:0.0010s ]
INFO: [ view_parse ] --START--
INFO: [ template_filter ] --START--
INFO: Run Behavior\ContentReplaceBehavior [ RunTime:0.000000s ]
INFO: [ template_filter ] --END-- [ RunTime:0.001001s ]
INFO: Run Behavior\ParseTemplateBehavior [ RunTime:0.036002s ]
INFO: [ view_parse ] --END-- [ RunTime:0.037002s ]
INFO: [ view_filter ] --START--
INFO: Run Behavior\WriteHtmlCacheBehavior [ RunTime:0.001000s ]
INFO: [ view_filter ] --END-- [ RunTime:0.001000s ]
INFO: [ app_end ] --START--
INFO: Run Behavior\ShowPageTraceBehavior [ RunTime:0.001000s ]
INFO: [ app_end ] --END-- [ RunTime:0.003001s ]

[ 2016-05-02T00:32:17+08:00 ] 127.0.0.1 /OpenBlog/index.php/Home/User/index/username/zhazh.html
INFO: [ app_init ] --START--
INFO: Run Behavior\BuildLiteBehavior [ RunTime:0.000000s ]
INFO: [ app_init ] --END-- [ RunTime:0.001000s ]
INFO: [ app_begin ] --START--
INFO: Run Behavior\ReadHtmlCacheBehavior [ RunTime:0.001000s ]
INFO: [ app_begin ] --END-- [ RunTime:0.001000s ]
SQL: SHOW COLUMNS FROM `ob_user` [ RunTime:0.0050s ]
SQL: SELECT * FROM `ob_user` WHERE ( name='zhazh' ) LIMIT 1   [ RunTime:0.0010s ]
SQL: SHOW COLUMNS FROM `ob_tweet` [ RunTime:0.0060s ]
SQL: SELECT COUNT(*) AS tp_count FROM `ob_tweet` WHERE ( user_id=6 ) LIMIT 1   [ RunTime:0.0020s ]
NOTIC: [8] Use of undefined constant Sshow - assumed 'Sshow' D:\Source\Web\PHP\OpenBlog\Application\Home\Controller\UserController.class.php 第 47 行.
SQL: SELECT * FROM `ob_tweet` WHERE ( user_id=6 ) ORDER BY create_date desc LIMIT 0,15   [ RunTime:0.0010s ]
SQL: SHOW COLUMNS FROM `ob_follow` [ RunTime:0.0060s ]
SQL: SELECT `follow_user_id`,`follow_date` FROM `ob_follow` WHERE ( user_id=6 )  [ RunTime:0.0010s ]
SQL: SELECT `user_id`,`follow_date` FROM `ob_follow` WHERE ( follow_user_id=6 )  [ RunTime:0.0010s ]
INFO: [ view_parse ] --START--
INFO: [ template_filter ] --START--
INFO: Run Behavior\ContentReplaceBehavior [ RunTime:0.001000s ]
INFO: [ template_filter ] --END-- [ RunTime:0.001000s ]
INFO: Run Behavior\ParseTemplateBehavior [ RunTime:0.035002s ]
INFO: [ view_parse ] --END-- [ RunTime:0.035002s ]
INFO: [ view_filter ] --START--
INFO: Run Behavior\WriteHtmlCacheBehavior [ RunTime:0.000000s ]
INFO: [ view_filter ] --END-- [ RunTime:0.001000s ]
INFO: [ app_end ] --START--
INFO: Run Behavior\ShowPageTraceBehavior [ RunTime:0.001000s ]
INFO: [ app_end ] --END-- [ RunTime:0.003001s ]

[ 2016-05-02T00:32:18+08:00 ] 127.0.0.1 /OpenBlog/index.php/Home/User/index/username/zhazh.html
INFO: [ app_init ] --START--
INFO: Run Behavior\BuildLiteBehavior [ RunTime:0.000000s ]
INFO: [ app_init ] --END-- [ RunTime:0.001000s ]
INFO: [ app_begin ] --START--
INFO: Run Behavior\ReadHtmlCacheBehavior [ RunTime:0.001000s ]
INFO: [ app_begin ] --END-- [ RunTime:0.001000s ]
SQL: SHOW COLUMNS FROM `ob_user` [ RunTime:0.0060s ]
SQL: SELECT * FROM `ob_user` WHERE ( name='zhazh' ) LIMIT 1   [ RunTime:0.0000s ]
SQL: SHOW COLUMNS FROM `ob_tweet` [ RunTime:0.0060s ]
SQL: SELECT COUNT(*) AS tp_count FROM `ob_tweet` WHERE ( user_id=6 ) LIMIT 1   [ RunTime:0.0000s ]
NOTIC: [8] Use of undefined constant Sshow - assumed 'Sshow' D:\Source\Web\PHP\OpenBlog\Application\Home\Controller\UserController.class.php 第 47 行.
SQL: SELECT * FROM `ob_tweet` WHERE ( user_id=6 ) ORDER BY create_date desc LIMIT 0,15   [ RunTime:0.0000s ]
SQL: SHOW COLUMNS FROM `ob_follow` [ RunTime:0.0060s ]
SQL: SELECT `follow_user_id`,`follow_date` FROM `ob_follow` WHERE ( user_id=6 )  [ RunTime:0.0000s ]
SQL: SELECT `user_id`,`follow_date` FROM `ob_follow` WHERE ( follow_user_id=6 )  [ RunTime:0.0010s ]
INFO: [ view_parse ] --START--
INFO: [ template_filter ] --START--
INFO: Run Behavior\ContentReplaceBehavior [ RunTime:0.000000s ]
INFO: [ template_filter ] --END-- [ RunTime:0.002001s ]
INFO: Run Behavior\ParseTemplateBehavior [ RunTime:0.038002s ]
INFO: [ view_parse ] --END-- [ RunTime:0.038002s ]
INFO: [ view_filter ] --START--
INFO: Run Behavior\WriteHtmlCacheBehavior [ RunTime:0.000000s ]
INFO: [ view_filter ] --END-- [ RunTime:0.001000s ]
INFO: [ app_end ] --START--
INFO: Run Behavior\ShowPageTraceBehavior [ RunTime:0.001000s ]
INFO: [ app_end ] --END-- [ RunTime:0.006001s ]

[ 2016-05-02T00:32:27+08:00 ] 127.0.0.1 /OpenBlog/index.php/Home/User/index/username/zhazh.html
INFO: [ app_init ] --START--
INFO: Run Behavior\BuildLiteBehavior [ RunTime:0.001000s ]
INFO: [ app_init ] --END-- [ RunTime:0.002001s ]
INFO: [ app_begin ] --START--
INFO: Run Behavior\ReadHtmlCacheBehavior [ RunTime:0.001000s ]
INFO: [ app_begin ] --END-- [ RunTime:0.002000s ]
SQL: SHOW COLUMNS FROM `ob_user` [ RunTime:0.0060s ]
SQL: SELECT * FROM `ob_user` WHERE ( name='zhazh' ) LIMIT 1   [ RunTime:0.0010s ]
SQL: SHOW COLUMNS FROM `ob_tweet` [ RunTime:0.0060s ]
SQL: SELECT COUNT(*) AS tp_count FROM `ob_tweet` WHERE ( user_id=6 ) LIMIT 1   [ RunTime:0.0000s ]
NOTIC: [8] Use of undefined constant Sshow - assumed 'Sshow' D:\Source\Web\PHP\OpenBlog\Application\Home\Controller\UserController.class.php 第 47 行.
SQL: SELECT * FROM `ob_tweet` WHERE ( user_id=6 ) ORDER BY create_date desc LIMIT 0,15   [ RunTime:0.0010s ]
SQL: SHOW COLUMNS FROM `ob_follow` [ RunTime:0.0060s ]
SQL: SELECT `follow_user_id`,`follow_date` FROM `ob_follow` WHERE ( user_id=6 )  [ RunTime:0.0000s ]
SQL: SELECT `user_id`,`follow_date` FROM `ob_follow` WHERE ( follow_user_id=6 )  [ RunTime:0.0000s ]
INFO: [ view_parse ] --START--
INFO: [ template_filter ] --START--
INFO: Run Behavior\ContentReplaceBehavior [ RunTime:0.000000s ]
INFO: [ template_filter ] --END-- [ RunTime:0.000000s ]
INFO: Run Behavior\ParseTemplateBehavior [ RunTime:0.034002s ]
INFO: [ view_parse ] --END-- [ RunTime:0.035002s ]
INFO: [ view_filter ] --START--
INFO: Run Behavior\WriteHtmlCacheBehavior [ RunTime:0.001000s ]
INFO: [ view_filter ] --END-- [ RunTime:0.001000s ]
INFO: [ app_end ] --START--
INFO: Run Behavior\ShowPageTraceBehavior [ RunTime:0.001000s ]
INFO: [ app_end ] --END-- [ RunTime:0.002001s ]

[ 2016-05-02T00:32:28+08:00 ] 127.0.0.1 /OpenBlog/index.php/Home/User/index/username/zhazh.html
INFO: [ app_init ] --START--
INFO: Run Behavior\BuildLiteBehavior [ RunTime:0.000000s ]
INFO: [ app_init ] --END-- [ RunTime:0.000000s ]
INFO: [ app_begin ] --START--
INFO: Run Behavior\ReadHtmlCacheBehavior [ RunTime:0.001000s ]
INFO: [ app_begin ] --END-- [ RunTime:0.002000s ]
SQL: SHOW COLUMNS FROM `ob_user` [ RunTime:0.0060s ]
SQL: SELECT * FROM `ob_user` WHERE ( name='zhazh' ) LIMIT 1   [ RunTime:0.0000s ]
SQL: SHOW COLUMNS FROM `ob_tweet` [ RunTime:0.0060s ]
SQL: SELECT COUNT(*) AS tp_count FROM `ob_tweet` WHERE ( user_id=6 ) LIMIT 1   [ RunTime:0.0000s ]
NOTIC: [8] Use of undefined constant Sshow - assumed 'Sshow' D:\Source\Web\PHP\OpenBlog\Application\Home\Controller\UserController.class.php 第 47 行.
SQL: SELECT * FROM `ob_tweet` WHERE ( user_id=6 ) ORDER BY create_date desc LIMIT 0,15   [ RunTime:0.0010s ]
SQL: SHOW COLUMNS FROM `ob_follow` [ RunTime:0.0050s ]
SQL: SELECT `follow_user_id`,`follow_date` FROM `ob_follow` WHERE ( user_id=6 )  [ RunTime:0.0000s ]
SQL: SELECT `user_id`,`follow_date` FROM `ob_follow` WHERE ( follow_user_id=6 )  [ RunTime:0.0000s ]
INFO: [ view_parse ] --START--
INFO: [ template_filter ] --START--
INFO: Run Behavior\ContentReplaceBehavior [ RunTime:0.000000s ]
INFO: [ template_filter ] --END-- [ RunTime:0.001000s ]
INFO: Run Behavior\ParseTemplateBehavior [ RunTime:0.036002s ]
INFO: [ view_parse ] --END-- [ RunTime:0.036002s ]
INFO: [ view_filter ] --START--
INFO: Run Behavior\WriteHtmlCacheBehavior [ RunTime:0.001000s ]
INFO: [ view_filter ] --END-- [ RunTime:0.001000s ]
INFO: [ app_end ] --START--
INFO: Run Behavior\ShowPageTraceBehavior [ RunTime:0.001000s ]
INFO: [ app_end ] --END-- [ RunTime:0.007000s ]

[ 2016-05-02T00:32:37+08:00 ] 127.0.0.1 /OpenBlog/index.php/Home/User/index/username/zhazh.html
INFO: [ app_init ] --START--
INFO: Run Behavior\BuildLiteBehavior [ RunTime:0.000000s ]
INFO: [ app_init ] --END-- [ RunTime:0.001000s ]
INFO: [ app_begin ] --START--
INFO: Run Behavior\ReadHtmlCacheBehavior [ RunTime:0.001000s ]
INFO: [ app_begin ] --END-- [ RunTime:0.003000s ]
SQL: SHOW COLUMNS FROM `ob_user` [ RunTime:0.0060s ]
SQL: SELECT * FROM `ob_user` WHERE ( name='zhazh' ) LIMIT 1   [ RunTime:0.0000s ]
SQL: SHOW COLUMNS FROM `ob_tweet` [ RunTime:0.0060s ]
SQL: SELECT COUNT(*) AS tp_count FROM `ob_tweet` WHERE ( user_id=6 ) LIMIT 1   [ RunTime:0.0000s ]
NOTIC: [8] Use of undefined constant Sshow - assumed 'Sshow' D:\Source\Web\PHP\OpenBlog\Application\Home\Controller\UserController.class.php 第 47 行.
SQL: SELECT * FROM `ob_tweet` WHERE ( user_id=6 ) ORDER BY create_date desc LIMIT 0,15   [ RunTime:0.0010s ]
SQL: SHOW COLUMNS FROM `ob_follow` [ RunTime:0.0050s ]
SQL: SELECT `follow_user_id`,`follow_date` FROM `ob_follow` WHERE ( user_id=6 )  [ RunTime:0.0000s ]
SQL: SELECT `user_id`,`follow_date` FROM `ob_follow` WHERE ( follow_user_id=6 )  [ RunTime:0.0020s ]
INFO: [ view_parse ] --START--
INFO: [ template_filter ] --START--
INFO: Run Behavior\ContentReplaceBehavior [ RunTime:0.000000s ]
INFO: [ template_filter ] --END-- [ RunTime:0.001000s ]
INFO: Run Behavior\ParseTemplateBehavior [ RunTime:0.037002s ]
INFO: [ view_parse ] --END-- [ RunTime:0.038002s ]
INFO: [ view_filter ] --START--
INFO: Run Behavior\WriteHtmlCacheBehavior [ RunTime:0.002000s ]
INFO: [ view_filter ] --END-- [ RunTime:0.002000s ]
INFO: [ app_end ] --START--
INFO: Run Behavior\ShowPageTraceBehavior [ RunTime:0.002000s ]
INFO: [ app_end ] --END-- [ RunTime:0.002000s ]

[ 2016-05-02T00:32:38+08:00 ] 127.0.0.1 /OpenBlog/index.php/Home/User/index/username/zhazh.html
INFO: [ app_init ] --START--
INFO: Run Behavior\BuildLiteBehavior [ RunTime:0.000000s ]
INFO: [ app_init ] --END-- [ RunTime:0.000000s ]
INFO: [ app_begin ] --START--
INFO: Run Behavior\ReadHtmlCacheBehavior [ RunTime:0.000000s ]
INFO: [ app_begin ] --END-- [ RunTime:0.002001s ]
SQL: SHOW COLUMNS FROM `ob_user` [ RunTime:0.0050s ]
SQL: SELECT * FROM `ob_user` WHERE ( name='zhazh' ) LIMIT 1   [ RunTime:0.0010s ]
SQL: SHOW COLUMNS FROM `ob_tweet` [ RunTime:0.0070s ]
SQL: SELECT COUNT(*) AS tp_count FROM `ob_tweet` WHERE ( user_id=6 ) LIMIT 1   [ RunTime:0.0000s ]
NOTIC: [8] Use of undefined constant Sshow - assumed 'Sshow' D:\Source\Web\PHP\OpenBlog\Application\Home\Controller\UserController.class.php 第 47 行.
SQL: SELECT * FROM `ob_tweet` WHERE ( user_id=6 ) ORDER BY create_date desc LIMIT 0,15   [ RunTime:0.0010s ]
SQL: SHOW COLUMNS FROM `ob_follow` [ RunTime:0.0060s ]
SQL: SELECT `follow_user_id`,`follow_date` FROM `ob_follow` WHERE ( user_id=6 )  [ RunTime:0.0000s ]
SQL: SELECT `user_id`,`follow_date` FROM `ob_follow` WHERE ( follow_user_id=6 )  [ RunTime:0.0010s ]
INFO: [ view_parse ] --START--
INFO: [ template_filter ] --START--
INFO: Run Behavior\ContentReplaceBehavior [ RunTime:0.000000s ]
INFO: [ template_filter ] --END-- [ RunTime:0.000000s ]
INFO: Run Behavior\ParseTemplateBehavior [ RunTime:0.037002s ]
INFO: [ view_parse ] --END-- [ RunTime:0.037002s ]
INFO: [ view_filter ] --START--
INFO: Run Behavior\WriteHtmlCacheBehavior [ RunTime:0.000000s ]
INFO: [ view_filter ] --END-- [ RunTime:0.001000s ]
INFO: [ app_end ] --START--
INFO: Run Behavior\ShowPageTraceBehavior [ RunTime:0.001000s ]
INFO: [ app_end ] --END-- [ RunTime:0.002000s ]

[ 2016-05-02T00:32:44+08:00 ] 127.0.0.1 /OpenBlog/index.php/Home/User/index/username/zhazh.html
INFO: [ app_init ] --START--
INFO: Run Behavior\BuildLiteBehavior [ RunTime:0.000000s ]
INFO: [ app_init ] --END-- [ RunTime:0.001000s ]
INFO: [ app_begin ] --START--
INFO: Run Behavior\ReadHtmlCacheBehavior [ RunTime:0.001001s ]
INFO: [ app_begin ] --END-- [ RunTime:0.001001s ]
SQL: SHOW COLUMNS FROM `ob_user` [ RunTime:0.0060s ]
SQL: SELECT * FROM `ob_user` WHERE ( name='zhazh' ) LIMIT 1   [ RunTime:0.0010s ]
SQL: SHOW COLUMNS FROM `ob_tweet` [ RunTime:0.0050s ]
SQL: SELECT COUNT(*) AS tp_count FROM `ob_tweet` WHERE ( user_id=6 ) LIMIT 1   [ RunTime:0.0010s ]
NOTIC: [8] Use of undefined constant Sshow - assumed 'Sshow' D:\Source\Web\PHP\OpenBlog\Application\Home\Controller\UserController.class.php 第 47 行.
SQL: SELECT * FROM `ob_tweet` WHERE ( user_id=6 ) ORDER BY create_date desc LIMIT 0,15   [ RunTime:0.0000s ]
SQL: SHOW COLUMNS FROM `ob_follow` [ RunTime:0.0050s ]
SQL: SELECT `follow_user_id`,`follow_date` FROM `ob_follow` WHERE ( user_id=6 )  [ RunTime:0.0010s ]
SQL: SELECT `user_id`,`follow_date` FROM `ob_follow` WHERE ( follow_user_id=6 )  [ RunTime:0.0010s ]
INFO: [ view_parse ] --START--
INFO: [ template_filter ] --START--
INFO: Run Behavior\ContentReplaceBehavior [ RunTime:0.000000s ]
INFO: [ template_filter ] --END-- [ RunTime:0.000000s ]
INFO: Run Behavior\ParseTemplateBehavior [ RunTime:0.038002s ]
INFO: [ view_parse ] --END-- [ RunTime:0.038002s ]
INFO: [ view_filter ] --START--
INFO: Run Behavior\WriteHtmlCacheBehavior [ RunTime:0.002000s ]
INFO: [ view_filter ] --END-- [ RunTime:0.002000s ]
INFO: [ app_end ] --START--
INFO: Run Behavior\ShowPageTraceBehavior [ RunTime:0.001000s ]
INFO: [ app_end ] --END-- [ RunTime:0.001000s ]

[ 2016-05-02T00:34:24+08:00 ] 127.0.0.1 /OpenBlog/index.php/Home/User/index/username/zhazh.html
INFO: [ app_init ] --START--
INFO: Run Behavior\BuildLiteBehavior [ RunTime:0.001000s ]
INFO: [ app_init ] --END-- [ RunTime:0.001000s ]
INFO: [ app_begin ] --START--
INFO: Run Behavior\ReadHtmlCacheBehavior [ RunTime:0.002000s ]
INFO: [ app_begin ] --END-- [ RunTime:0.002000s ]
SQL: SHOW COLUMNS FROM `ob_user` [ RunTime:0.0060s ]
SQL: SELECT * FROM `ob_user` WHERE ( name='zhazh' ) LIMIT 1   [ RunTime:0.0000s ]
SQL: SHOW COLUMNS FROM `ob_tweet` [ RunTime:0.0050s ]
SQL: SELECT COUNT(*) AS tp_count FROM `ob_tweet` WHERE ( user_id=6 ) LIMIT 1   [ RunTime:0.0010s ]
NOTIC: [8] Use of undefined constant Sshow - assumed 'Sshow' D:\Source\Web\PHP\OpenBlog\Application\Home\Controller\UserController.class.php 第 47 行.
SQL: SELECT * FROM `ob_tweet` WHERE ( user_id=6 ) ORDER BY create_date desc LIMIT 0,15   [ RunTime:0.0010s ]
SQL: SHOW COLUMNS FROM `ob_follow` [ RunTime:0.0050s ]
SQL: SELECT `follow_user_id`,`follow_date` FROM `ob_follow` WHERE ( user_id=6 )  [ RunTime:0.0000s ]
SQL: SELECT `user_id`,`follow_date` FROM `ob_follow` WHERE ( follow_user_id=6 )  [ RunTime:0.0010s ]
INFO: [ view_parse ] --START--
INFO: [ template_filter ] --START--
INFO: Run Behavior\ContentReplaceBehavior [ RunTime:0.000000s ]
INFO: [ template_filter ] --END-- [ RunTime:0.001000s ]
INFO: Run Behavior\ParseTemplateBehavior [ RunTime:0.035002s ]
INFO: [ view_parse ] --END-- [ RunTime:0.036002s ]
INFO: [ view_filter ] --START--
INFO: Run Behavior\WriteHtmlCacheBehavior [ RunTime:0.001000s ]
INFO: [ view_filter ] --END-- [ RunTime:0.001000s ]
INFO: [ app_end ] --START--
INFO: Run Behavior\ShowPageTraceBehavior [ RunTime:0.002000s ]
INFO: [ app_end ] --END-- [ RunTime:0.002000s ]

[ 2016-05-02T00:34:25+08:00 ] 127.0.0.1 /OpenBlog/index.php/Home/User/index/username/zhazh.html
INFO: [ app_init ] --START--
INFO: Run Behavior\BuildLiteBehavior [ RunTime:0.000000s ]
INFO: [ app_init ] --END-- [ RunTime:0.001000s ]
INFO: [ app_begin ] --START--
INFO: Run Behavior\ReadHtmlCacheBehavior [ RunTime:0.001000s ]
INFO: [ app_begin ] --END-- [ RunTime:0.001000s ]
SQL: SHOW COLUMNS FROM `ob_user` [ RunTime:0.0060s ]
SQL: SELECT * FROM `ob_user` WHERE ( name='zhazh' ) LIMIT 1   [ RunTime:0.0010s ]
SQL: SHOW COLUMNS FROM `ob_tweet` [ RunTime:0.0060s ]
SQL: SELECT COUNT(*) AS tp_count FROM `ob_tweet` WHERE ( user_id=6 ) LIMIT 1   [ RunTime:0.0010s ]
NOTIC: [8] Use of undefined constant Sshow - assumed 'Sshow' D:\Source\Web\PHP\OpenBlog\Application\Home\Controller\UserController.class.php 第 47 行.
SQL: SELECT * FROM `ob_tweet` WHERE ( user_id=6 ) ORDER BY create_date desc LIMIT 0,15   [ RunTime:0.0010s ]
SQL: SHOW COLUMNS FROM `ob_follow` [ RunTime:0.0050s ]
SQL: SELECT `follow_user_id`,`follow_date` FROM `ob_follow` WHERE ( user_id=6 )  [ RunTime:0.0010s ]
SQL: SELECT `user_id`,`follow_date` FROM `ob_follow` WHERE ( follow_user_id=6 )  [ RunTime:0.0000s ]
INFO: [ view_parse ] --START--
INFO: [ template_filter ] --START--
INFO: Run Behavior\ContentReplaceBehavior [ RunTime:0.000000s ]
INFO: [ template_filter ] --END-- [ RunTime:0.001000s ]
INFO: Run Behavior\ParseTemplateBehavior [ RunTime:0.034002s ]
INFO: [ view_parse ] --END-- [ RunTime:0.034002s ]
INFO: [ view_filter ] --START--
INFO: Run Behavior\WriteHtmlCacheBehavior [ RunTime:0.001000s ]
INFO: [ view_filter ] --END-- [ RunTime:0.001000s ]
INFO: [ app_end ] --START--
INFO: Run Behavior\ShowPageTraceBehavior [ RunTime:0.001000s ]
INFO: [ app_end ] --END-- [ RunTime:0.002000s ]

[ 2016-05-02T00:34:48+08:00 ] 127.0.0.1 /OpenBlog/index.php/Home/Member/index.html
INFO: [ app_init ] --START--
INFO: Run Behavior\BuildLiteBehavior [ RunTime:0.000000s ]
INFO: [ app_init ] --END-- [ RunTime:0.001000s ]
INFO: [ app_begin ] --START--
INFO: Run Behavior\ReadHtmlCacheBehavior [ RunTime:0.001000s ]
INFO: [ app_begin ] --END-- [ RunTime:0.002000s ]
INFO: [ view_parse ] --START--
INFO: [ template_filter ] --START--
INFO: Run Behavior\ContentReplaceBehavior [ RunTime:0.001000s ]
INFO: [ template_filter ] --END-- [ RunTime:0.001000s ]
INFO: Run Behavior\ParseTemplateBehavior [ RunTime:0.030002s ]
INFO: [ view_parse ] --END-- [ RunTime:0.031002s ]
INFO: [ view_filter ] --START--
INFO: Run Behavior\WriteHtmlCacheBehavior [ RunTime:0.001000s ]
INFO: [ view_filter ] --END-- [ RunTime:0.001000s ]
INFO: [ app_end ] --START--
INFO: Run Behavior\ShowPageTraceBehavior [ RunTime:0.005000s ]
INFO: [ app_end ] --END-- [ RunTime:0.006000s ]

[ 2016-05-02T00:37:31+08:00 ] 127.0.0.1 /OpenBlog/index.php/Home/Member/index.html
INFO: [ app_init ] --START--
INFO: Run Behavior\BuildLiteBehavior [ RunTime:0.000000s ]
INFO: [ app_init ] --END-- [ RunTime:0.001000s ]
INFO: [ app_begin ] --START--
INFO: Run Behavior\ReadHtmlCacheBehavior [ RunTime:0.001000s ]
INFO: [ app_begin ] --END-- [ RunTime:0.002000s ]
INFO: [ view_parse ] --START--
INFO: [ template_filter ] --START--
INFO: Run Behavior\ContentReplaceBehavior [ RunTime:0.000000s ]
INFO: [ template_filter ] --END-- [ RunTime:0.000000s ]
INFO: Run Behavior\ParseTemplateBehavior [ RunTime:0.031002s ]
INFO: [ view_parse ] --END-- [ RunTime:0.032002s ]
INFO: [ view_filter ] --START--
INFO: Run Behavior\WriteHtmlCacheBehavior [ RunTime:0.001000s ]
INFO: [ view_filter ] --END-- [ RunTime:0.001000s ]
INFO: [ app_end ] --START--
INFO: Run Behavior\ShowPageTraceBehavior [ RunTime:0.002000s ]
INFO: [ app_end ] --END-- [ RunTime:0.002000s ]

[ 2016-05-02T00:37:33+08:00 ] 127.0.0.1 /OpenBlog/index.php/Home/User/index/username/zhazh.html
INFO: [ app_init ] --START--
INFO: Run Behavior\BuildLiteBehavior [ RunTime:0.000000s ]
INFO: [ app_init ] --END-- [ RunTime:0.001000s ]
INFO: [ app_begin ] --START--
INFO: Run Behavior\ReadHtmlCacheBehavior [ RunTime:0.001000s ]
INFO: [ app_begin ] --END-- [ RunTime:0.001000s ]
SQL: SHOW COLUMNS FROM `ob_user` [ RunTime:0.0060s ]
SQL: SELECT * FROM `ob_user` WHERE ( name='zhazh' ) LIMIT 1   [ RunTime:0.0010s ]
SQL: SHOW COLUMNS FROM `ob_tweet` [ RunTime:0.0060s ]
SQL: SELECT COUNT(*) AS tp_count FROM `ob_tweet` WHERE ( user_id=6 ) LIMIT 1   [ RunTime:0.0000s ]
NOTIC: [8] Use of undefined constant Sshow - assumed 'Sshow' D:\Source\Web\PHP\OpenBlog\Application\Home\Controller\UserController.class.php 第 47 行.
SQL: SELECT * FROM `ob_tweet` WHERE ( user_id=6 ) ORDER BY create_date desc LIMIT 0,15   [ RunTime:0.0010s ]
SQL: SHOW COLUMNS FROM `ob_follow` [ RunTime:0.0050s ]
SQL: SELECT `follow_user_id`,`follow_date` FROM `ob_follow` WHERE ( user_id=6 )  [ RunTime:0.0010s ]
SQL: SELECT `user_id`,`follow_date` FROM `ob_follow` WHERE ( follow_user_id=6 )  [ RunTime:0.0000s ]
INFO: [ view_parse ] --START--
INFO: [ template_filter ] --START--
INFO: Run Behavior\ContentReplaceBehavior [ RunTime:0.000000s ]
INFO: [ template_filter ] --END-- [ RunTime:0.000000s ]
INFO: Run Behavior\ParseTemplateBehavior [ RunTime:0.035002s ]
INFO: [ view_parse ] --END-- [ RunTime:0.035002s ]
INFO: [ view_filter ] --START--
INFO: Run Behavior\WriteHtmlCacheBehavior [ RunTime:0.000000s ]
INFO: [ view_filter ] --END-- [ RunTime:0.002000s ]
INFO: [ app_end ] --START--
INFO: Run Behavior\ShowPageTraceBehavior [ RunTime:0.004000s ]
INFO: [ app_end ] --END-- [ RunTime:0.005000s ]

[ 2016-05-02T00:37:40+08:00 ] 127.0.0.1 /OpenBlog/index.php/Home/User/index/username/aaa.html
INFO: [ app_init ] --START--
INFO: Run Behavior\BuildLiteBehavior [ RunTime:0.000000s ]
INFO: [ app_init ] --END-- [ RunTime:0.002000s ]
INFO: [ app_begin ] --START--
INFO: Run Behavior\ReadHtmlCacheBehavior [ RunTime:0.001000s ]
INFO: [ app_begin ] --END-- [ RunTime:0.001000s ]
SQL: SHOW COLUMNS FROM `ob_user` [ RunTime:0.0050s ]
SQL: SELECT * FROM `ob_user` WHERE ( name='aaa' ) LIMIT 1   [ RunTime:0.0010s ]
SQL: SHOW COLUMNS FROM `ob_tweet` [ RunTime:0.0060s ]
SQL: SELECT COUNT(*) AS tp_count FROM `ob_tweet` WHERE ( user_id=1 ) LIMIT 1   [ RunTime:0.0000s ]
NOTIC: [8] Use of undefined constant Sshow - assumed 'Sshow' D:\Source\Web\PHP\OpenBlog\Application\Home\Controller\UserController.class.php 第 47 行.
SQL: SELECT * FROM `ob_tweet` WHERE ( user_id=1 ) ORDER BY create_date desc LIMIT 0,15   [ RunTime:0.0010s ]
SQL: SHOW COLUMNS FROM `ob_follow` [ RunTime:0.0050s ]
SQL: SELECT `follow_user_id`,`follow_date` FROM `ob_follow` WHERE ( user_id=1 )  [ RunTime:0.0010s ]
SQL: SELECT `user_id`,`follow_date` FROM `ob_follow` WHERE ( follow_user_id=1 )  [ RunTime:0.0000s ]
SQL: SELECT `follow_user_id`,`follow_date` FROM `ob_follow` WHERE ( user_id=6 )  [ RunTime:0.0000s ]
NOTIC: [2] in_array() expects parameter 2 to be array, null given D:\Source\Web\PHP\OpenBlog\Application\Home\Controller\UserController.class.php 第 69 行.
INFO: [ view_parse ] --START--
INFO: [ template_filter ] --START--
INFO: Run Behavior\ContentReplaceBehavior [ RunTime:0.000000s ]
INFO: [ template_filter ] --END-- [ RunTime:0.000000s ]
INFO: Run Behavior\ParseTemplateBehavior [ RunTime:0.032001s ]
INFO: [ view_parse ] --END-- [ RunTime:0.032001s ]
INFO: [ view_filter ] --START--
INFO: Run Behavior\WriteHtmlCacheBehavior [ RunTime:0.001000s ]
INFO: [ view_filter ] --END-- [ RunTime:0.001000s ]
INFO: [ app_end ] --START--
INFO: Run Behavior\ShowPageTraceBehavior [ RunTime:0.001001s ]
INFO: [ app_end ] --END-- [ RunTime:0.002001s ]

[ 2016-05-02T00:38:08+08:00 ] 127.0.0.1 /OpenBlog/index.php/Home/User/index/username/aaa.html
INFO: [ app_init ] --START--
INFO: Run Behavior\BuildLiteBehavior [ RunTime:0.000000s ]
INFO: [ app_init ] --END-- [ RunTime:0.001000s ]
INFO: [ app_begin ] --START--
INFO: Run Behavior\ReadHtmlCacheBehavior [ RunTime:0.001000s ]
INFO: [ app_begin ] --END-- [ RunTime:0.001000s ]
SQL: SHOW COLUMNS FROM `ob_user` [ RunTime:0.0060s ]
SQL: SELECT * FROM `ob_user` WHERE ( name='aaa' ) LIMIT 1   [ RunTime:0.0010s ]
SQL: SHOW COLUMNS FROM `ob_tweet` [ RunTime:0.0060s ]
SQL: SELECT COUNT(*) AS tp_count FROM `ob_tweet` WHERE ( user_id=1 ) LIMIT 1   [ RunTime:0.0000s ]
NOTIC: [8] Use of undefined constant Sshow - assumed 'Sshow' D:\Source\Web\PHP\OpenBlog\Application\Home\Controller\UserController.class.php 第 47 行.
SQL: SELECT * FROM `ob_tweet` WHERE ( user_id=1 ) ORDER BY create_date desc LIMIT 0,15   [ RunTime:0.0000s ]
SQL: SHOW COLUMNS FROM `ob_follow` [ RunTime:0.0050s ]
SQL: SELECT `follow_user_id`,`follow_date` FROM `ob_follow` WHERE ( user_id=1 )  [ RunTime:0.0010s ]
SQL: SELECT `user_id`,`follow_date` FROM `ob_follow` WHERE ( follow_user_id=1 )  [ RunTime:0.0000s ]
SQL: SELECT `follow_user_id`,`follow_date` FROM `ob_follow` WHERE ( user_id=6 )  [ RunTime:0.0010s ]
NOTIC: [2] in_array() expects parameter 2 to be array, null given D:\Source\Web\PHP\OpenBlog\Application\Home\Controller\UserController.class.php 第 69 行.
INFO: [ view_parse ] --START--
INFO: [ template_filter ] --START--
INFO: Run Behavior\ContentReplaceBehavior [ RunTime:0.001000s ]
INFO: [ template_filter ] --END-- [ RunTime:0.001000s ]
INFO: Run Behavior\ParseTemplateBehavior [ RunTime:0.030001s ]
INFO: [ view_parse ] --END-- [ RunTime:0.030001s ]
INFO: [ view_filter ] --START--
INFO: Run Behavior\WriteHtmlCacheBehavior [ RunTime:0.001001s ]
INFO: [ view_filter ] --END-- [ RunTime:0.001001s ]
INFO: [ app_end ] --START--
INFO: Run Behavior\ShowPageTraceBehavior [ RunTime:0.001000s ]
INFO: [ app_end ] --END-- [ RunTime:0.001000s ]

[ 2016-05-02T00:39:37+08:00 ] 127.0.0.1 /OpenBlog/index.php/Home/User/index/username/aaa.html
INFO: [ app_init ] --START--
INFO: Run Behavior\BuildLiteBehavior [ RunTime:0.000000s ]
INFO: [ app_init ] --END-- [ RunTime:0.001000s ]
INFO: [ app_begin ] --START--
INFO: Run Behavior\ReadHtmlCacheBehavior [ RunTime:0.001000s ]
INFO: [ app_begin ] --END-- [ RunTime:0.001000s ]
SQL: SHOW COLUMNS FROM `ob_user` [ RunTime:0.0050s ]
SQL: SELECT * FROM `ob_user` WHERE ( name='aaa' ) LIMIT 1   [ RunTime:0.0010s ]
SQL: SHOW COLUMNS FROM `ob_tweet` [ RunTime:0.0050s ]
SQL: SELECT COUNT(*) AS tp_count FROM `ob_tweet` WHERE ( user_id=1 ) LIMIT 1   [ RunTime:0.0010s ]
NOTIC: [8] Use of undefined constant Sshow - assumed 'Sshow' D:\Source\Web\PHP\OpenBlog\Application\Home\Controller\UserController.class.php 第 47 行.
SQL: SELECT * FROM `ob_tweet` WHERE ( user_id=1 ) ORDER BY create_date desc LIMIT 0,15   [ RunTime:0.0000s ]
SQL: SHOW COLUMNS FROM `ob_follow` [ RunTime:0.0060s ]
SQL: SELECT `follow_user_id`,`follow_date` FROM `ob_follow` WHERE ( user_id=1 )  [ RunTime:0.0010s ]
SQL: SELECT `user_id`,`follow_date` FROM `ob_follow` WHERE ( follow_user_id=1 )  [ RunTime:0.0000s ]
SQL: SELECT `follow_user_id`,`follow_date` FROM `ob_follow` WHERE ( user_id=6 )  [ RunTime:0.0000s ]
NOTIC: [2] in_array() expects parameter 2 to be array, null given D:\Source\Web\PHP\OpenBlog\Application\Home\Controller\UserController.class.php 第 69 行.
INFO: [ view_parse ] --START--
INFO: [ template_filter ] --START--
INFO: Run Behavior\ContentReplaceBehavior [ RunTime:0.000000s ]
INFO: [ template_filter ] --END-- [ RunTime:0.001000s ]
INFO: Run Behavior\ParseTemplateBehavior [ RunTime:0.031002s ]
INFO: [ view_parse ] --END-- [ RunTime:0.033002s ]
INFO: [ view_filter ] --START--
INFO: Run Behavior\WriteHtmlCacheBehavior [ RunTime:0.002000s ]
INFO: [ view_filter ] --END-- [ RunTime:0.002000s ]
INFO: [ app_end ] --START--
INFO: Run Behavior\ShowPageTraceBehavior [ RunTime:0.001000s ]
INFO: [ app_end ] --END-- [ RunTime:0.001000s ]

[ 2016-05-02T00:39:38+08:00 ] 127.0.0.1 /OpenBlog/index.php/Home/User/index/username/aaa.html
INFO: [ app_init ] --START--
INFO: Run Behavior\BuildLiteBehavior [ RunTime:0.000000s ]
INFO: [ app_init ] --END-- [ RunTime:0.001001s ]
INFO: [ app_begin ] --START--
INFO: Run Behavior\ReadHtmlCacheBehavior [ RunTime:0.001000s ]
INFO: [ app_begin ] --END-- [ RunTime:0.002000s ]
SQL: SHOW COLUMNS FROM `ob_user` [ RunTime:0.0070s ]
SQL: SELECT * FROM `ob_user` WHERE ( name='aaa' ) LIMIT 1   [ RunTime:0.0540s ]
SQL: SHOW COLUMNS FROM `ob_tweet` [ RunTime:0.0060s ]
SQL: SELECT COUNT(*) AS tp_count FROM `ob_tweet` WHERE ( user_id=1 ) LIMIT 1   [ RunTime:0.0010s ]
NOTIC: [8] Use of undefined constant Sshow - assumed 'Sshow' D:\Source\Web\PHP\OpenBlog\Application\Home\Controller\UserController.class.php 第 47 行.
SQL: SELECT * FROM `ob_tweet` WHERE ( user_id=1 ) ORDER BY create_date desc LIMIT 0,15   [ RunTime:0.0010s ]
SQL: SHOW COLUMNS FROM `ob_follow` [ RunTime:0.0070s ]
SQL: SELECT `follow_user_id`,`follow_date` FROM `ob_follow` WHERE ( user_id=1 )  [ RunTime:0.0010s ]
SQL: SELECT `user_id`,`follow_date` FROM `ob_follow` WHERE ( follow_user_id=1 )  [ RunTime:0.0010s ]
SQL: SELECT `follow_user_id`,`follow_date` FROM `ob_follow` WHERE ( user_id=6 )  [ RunTime:0.0000s ]
NOTIC: [2] in_array() expects parameter 2 to be array, null given D:\Source\Web\PHP\OpenBlog\Application\Home\Controller\UserController.class.php 第 69 行.
INFO: [ view_parse ] --START--
INFO: [ template_filter ] --START--
INFO: Run Behavior\ContentReplaceBehavior [ RunTime:0.000000s ]
INFO: [ template_filter ] --END-- [ RunTime:0.000000s ]
INFO: Run Behavior\ParseTemplateBehavior [ RunTime:0.031002s ]
INFO: [ view_parse ] --END-- [ RunTime:0.032002s ]
INFO: [ view_filter ] --START--
INFO: Run Behavior\WriteHtmlCacheBehavior [ RunTime:0.000000s ]
INFO: [ view_filter ] --END-- [ RunTime:0.001000s ]
INFO: [ app_end ] --START--
INFO: Run Behavior\ShowPageTraceBehavior [ RunTime:0.001000s ]
INFO: [ app_end ] --END-- [ RunTime:0.002000s ]

[ 2016-05-02T00:39:39+08:00 ] 127.0.0.1 /OpenBlog/index.php/Home/User/index/username/zhazh.html
INFO: [ app_init ] --START--
INFO: Run Behavior\BuildLiteBehavior [ RunTime:0.000000s ]
INFO: [ app_init ] --END-- [ RunTime:0.001000s ]
INFO: [ app_begin ] --START--
INFO: Run Behavior\ReadHtmlCacheBehavior [ RunTime:0.001000s ]
INFO: [ app_begin ] --END-- [ RunTime:0.002000s ]
SQL: SHOW COLUMNS FROM `ob_user` [ RunTime:0.0050s ]
SQL: SELECT * FROM `ob_user` WHERE ( name='zhazh' ) LIMIT 1   [ RunTime:0.0010s ]
SQL: SHOW COLUMNS FROM `ob_tweet` [ RunTime:0.0050s ]
SQL: SELECT COUNT(*) AS tp_count FROM `ob_tweet` WHERE ( user_id=6 ) LIMIT 1   [ RunTime:0.0010s ]
NOTIC: [8] Use of undefined constant Sshow - assumed 'Sshow' D:\Source\Web\PHP\OpenBlog\Application\Home\Controller\UserController.class.php 第 47 行.
SQL: SELECT * FROM `ob_tweet` WHERE ( user_id=6 ) ORDER BY create_date desc LIMIT 0,15   [ RunTime:0.0000s ]
SQL: SHOW COLUMNS FROM `ob_follow` [ RunTime:0.0050s ]
SQL: SELECT `follow_user_id`,`follow_date` FROM `ob_follow` WHERE ( user_id=6 )  [ RunTime:0.0010s ]
SQL: SELECT `user_id`,`follow_date` FROM `ob_follow` WHERE ( follow_user_id=6 )  [ RunTime:0.0000s ]
INFO: [ view_parse ] --START--
INFO: [ template_filter ] --START--
INFO: Run Behavior\ContentReplaceBehavior [ RunTime:0.000000s ]
INFO: [ template_filter ] --END-- [ RunTime:0.000000s ]
INFO: Run Behavior\ParseTemplateBehavior [ RunTime:0.034001s ]
INFO: [ view_parse ] --END-- [ RunTime:0.034001s ]
INFO: [ view_filter ] --START--
INFO: Run Behavior\WriteHtmlCacheBehavior [ RunTime:0.001001s ]
INFO: [ view_filter ] --END-- [ RunTime:0.001001s ]
INFO: [ app_end ] --START--
INFO: Run Behavior\ShowPageTraceBehavior [ RunTime:0.002000s ]
INFO: [ app_end ] --END-- [ RunTime:0.002000s ]

[ 2016-05-02T00:58:45+08:00 ] 127.0.0.1 /OpenBlog/index.php/Home/User/index/username/zhazh.html
INFO: [ app_init ] --START--
INFO: Run Behavior\BuildLiteBehavior [ RunTime:0.000000s ]
INFO: [ app_init ] --END-- [ RunTime:0.002000s ]
INFO: [ app_begin ] --START--
INFO: Run Behavior\ReadHtmlCacheBehavior [ RunTime:0.001000s ]
INFO: [ app_begin ] --END-- [ RunTime:0.001000s ]
SQL: SHOW COLUMNS FROM `ob_user` [ RunTime:0.0060s ]
SQL: SELECT * FROM `ob_user` WHERE ( name='zhazh' ) LIMIT 1   [ RunTime:0.0010s ]
SQL: SHOW COLUMNS FROM `ob_tweet` [ RunTime:0.0060s ]
SQL: SELECT COUNT(*) AS tp_count FROM `ob_tweet` WHERE ( user_id=6 ) LIMIT 1   [ RunTime:0.0000s ]
NOTIC: [8] Use of undefined constant Sshow - assumed 'Sshow' D:\Source\Web\PHP\OpenBlog\Application\Home\Controller\UserController.class.php 第 47 行.
SQL: SELECT * FROM `ob_tweet` WHERE ( user_id=6 ) ORDER BY create_date desc LIMIT 0,15   [ RunTime:0.0010s ]
SQL: SHOW COLUMNS FROM `ob_follow` [ RunTime:0.0050s ]
SQL: SELECT `follow_user_id`,`follow_date` FROM `ob_follow` WHERE ( user_id=6 )  [ RunTime:0.0000s ]
SQL: SELECT `user_id`,`follow_date` FROM `ob_follow` WHERE ( follow_user_id=6 )  [ RunTime:0.0010s ]
INFO: [ view_parse ] --START--
INFO: [ template_filter ] --START--
INFO: Run Behavior\ContentReplaceBehavior [ RunTime:0.000000s ]
INFO: [ template_filter ] --END-- [ RunTime:0.000000s ]
INFO: Run Behavior\ParseTemplateBehavior [ RunTime:0.036002s ]
INFO: [ view_parse ] --END-- [ RunTime:0.037002s ]
INFO: [ view_filter ] --START--
INFO: Run Behavior\WriteHtmlCacheBehavior [ RunTime:0.001000s ]
INFO: [ view_filter ] --END-- [ RunTime:0.001000s ]
INFO: [ app_end ] --START--
INFO: Run Behavior\ShowPageTraceBehavior [ RunTime:0.002000s ]
INFO: [ app_end ] --END-- [ RunTime:0.002000s ]

[ 2016-05-02T00:58:51+08:00 ] 127.0.0.1 /OpenBlog/index.php/Home/User/index/username/aaa.html
INFO: [ app_init ] --START--
INFO: Run Behavior\BuildLiteBehavior [ RunTime:0.000000s ]
INFO: [ app_init ] --END-- [ RunTime:0.002000s ]
INFO: [ app_begin ] --START--
INFO: Run Behavior\ReadHtmlCacheBehavior [ RunTime:0.001000s ]
INFO: [ app_begin ] --END-- [ RunTime:0.001000s ]
SQL: SHOW COLUMNS FROM `ob_user` [ RunTime:0.0060s ]
SQL: SELECT * FROM `ob_user` WHERE ( name='aaa' ) LIMIT 1   [ RunTime:0.0000s ]
SQL: SHOW COLUMNS FROM `ob_tweet` [ RunTime:0.0050s ]
SQL: SELECT COUNT(*) AS tp_count FROM `ob_tweet` WHERE ( user_id=1 ) LIMIT 1   [ RunTime:0.0010s ]
NOTIC: [8] Use of undefined constant Sshow - assumed 'Sshow' D:\Source\Web\PHP\OpenBlog\Application\Home\Controller\UserController.class.php 第 47 行.
SQL: SELECT * FROM `ob_tweet` WHERE ( user_id=1 ) ORDER BY create_date desc LIMIT 0,15   [ RunTime:0.0010s ]
SQL: SHOW COLUMNS FROM `ob_follow` [ RunTime:0.0060s ]
SQL: SELECT `follow_user_id`,`follow_date` FROM `ob_follow` WHERE ( user_id=1 )  [ RunTime:0.0000s ]
SQL: SELECT `user_id`,`follow_date` FROM `ob_follow` WHERE ( follow_user_id=1 )  [ RunTime:0.0010s ]
SQL: SELECT `follow_user_id`,`follow_date` FROM `ob_follow` WHERE ( user_id=6 )  [ RunTime:0.0000s ]
NOTIC: [2] in_array() expects parameter 2 to be array, null given D:\Source\Web\PHP\OpenBlog\Application\Home\Controller\UserController.class.php 第 69 行.
INFO: [ view_parse ] --START--
INFO: [ template_filter ] --START--
INFO: Run Behavior\ContentReplaceBehavior [ RunTime:0.001000s ]
INFO: [ template_filter ] --END-- [ RunTime:0.001000s ]
INFO: Run Behavior\ParseTemplateBehavior [ RunTime:0.031001s ]
INFO: [ view_parse ] --END-- [ RunTime:0.032001s ]
INFO: [ view_filter ] --START--
INFO: Run Behavior\WriteHtmlCacheBehavior [ RunTime:0.000000s ]
INFO: [ view_filter ] --END-- [ RunTime:0.002001s ]
INFO: [ app_end ] --START--
INFO: Run Behavior\ShowPageTraceBehavior [ RunTime:0.001000s ]
INFO: [ app_end ] --END-- [ RunTime:0.001000s ]

[ 2016-05-02T01:00:01+08:00 ] 127.0.0.1 /OpenBlog/index.php/Home/User/index/username/aaa.html
INFO: [ app_init ] --START--
INFO: Run Behavior\BuildLiteBehavior [ RunTime:0.000000s ]
INFO: [ app_init ] --END-- [ RunTime:0.003000s ]
INFO: [ app_begin ] --START--
INFO: Run Behavior\ReadHtmlCacheBehavior [ RunTime:0.002000s ]
INFO: [ app_begin ] --END-- [ RunTime:0.002000s ]
SQL: SHOW COLUMNS FROM `ob_user` [ RunTime:0.0070s ]
SQL: SELECT * FROM `ob_user` WHERE ( name='aaa' ) LIMIT 1   [ RunTime:0.0000s ]
SQL: SHOW COLUMNS FROM `ob_tweet` [ RunTime:0.0060s ]
SQL: SELECT COUNT(*) AS tp_count FROM `ob_tweet` WHERE ( user_id=1 ) LIMIT 1   [ RunTime:0.0000s ]
NOTIC: [8] Use of undefined constant Sshow - assumed 'Sshow' D:\Source\Web\PHP\OpenBlog\Application\Home\Controller\UserController.class.php 第 47 行.
SQL: SELECT * FROM `ob_tweet` WHERE ( user_id=1 ) ORDER BY create_date desc LIMIT 0,15   [ RunTime:0.0010s ]
SQL: SHOW COLUMNS FROM `ob_follow` [ RunTime:0.0070s ]
SQL: SELECT `follow_user_id`,`follow_date` FROM `ob_follow` WHERE ( user_id=1 )  [ RunTime:0.0000s ]
SQL: SELECT `user_id`,`follow_date` FROM `ob_follow` WHERE ( follow_user_id=1 )  [ RunTime:0.0000s ]
SQL: SELECT `follow_user_id`,`follow_date` FROM `ob_follow` WHERE ( user_id=6 )  [ RunTime:0.0010s ]
NOTIC: [2] in_array() expects parameter 2 to be array, null given D:\Source\Web\PHP\OpenBlog\Application\Home\Controller\UserController.class.php 第 69 行.
INFO: [ view_parse ] --START--
INFO: [ template_filter ] --START--
INFO: Run Behavior\ContentReplaceBehavior [ RunTime:0.000000s ]
INFO: [ template_filter ] --END-- [ RunTime:0.001000s ]
INFO: Run Behavior\ParseTemplateBehavior [ RunTime:0.032001s ]
INFO: [ view_parse ] --END-- [ RunTime:0.033002s ]
INFO: [ view_filter ] --START--
INFO: Run Behavior\WriteHtmlCacheBehavior [ RunTime:0.001000s ]
INFO: [ view_filter ] --END-- [ RunTime:0.001000s ]
INFO: [ app_end ] --START--
INFO: Run Behavior\ShowPageTraceBehavior [ RunTime:0.002000s ]
INFO: [ app_end ] --END-- [ RunTime:0.002000s ]

